make[2]: *** No rule to make target 'CMakeFiles/squarpy.dir/build'.  Stop.
make[1]: *** [CMakeFiles/Makefile2:217: CMakeFiles/squarpy.dir/all] Error 2
make[1]: *** Waiting for unfinished jobs....
make: *** [Makefile:141: all] Error 2
